<html>
<head>
<title>TestNG:  CucumberTests</title>
<link href="../testng.css" rel="stylesheet" type="text/css" />
<link href="../my-testng.css" rel="stylesheet" type="text/css" />

<style type="text/css">
.log { display: none;} 
.stack-trace { display: none;} 
</style>
<script type="text/javascript">
<!--
function flip(e) {
  current = e.style.display;
  if (current == 'block') {
    e.style.display = 'none';
    return 0;
  }
  else {
    e.style.display = 'block';
    return 1;
  }
}

function toggleBox(szDivId, elem, msg1, msg2)
{
  var res = -1;  if (document.getElementById) {
    res = flip(document.getElementById(szDivId));
  }
  else if (document.all) {
    // this is the way old msie versions work
    res = flip(document.all[szDivId]);
  }
  if(elem) {
    if(res == 0) elem.innerHTML = msg1; else elem.innerHTML = msg2;
  }

}

function toggleAllBoxes() {
  if (document.getElementsByTagName) {
    d = document.getElementsByTagName('div');
    for (i = 0; i < d.length; i++) {
      if (d[i].className == 'log') {
        flip(d[i]);
      }
    }
  }
}

// -->
</script>

</head>
<body>
<h2 align='center'>CucumberTests</h2><table border='1' align="center">
<tr>
<td>Tests passed/Failed/Skipped:</td><td>2/3/0</td>
</tr><tr>
<td>Started on:</td><td>Tue Sep 09 06:26:45 IST 2025</td>
</tr>
<tr><td>Total time:</td><td>198 seconds (198186 ms)</td>
</tr><tr>
<td>Included groups:</td><td></td>
</tr><tr>
<td>Excluded groups:</td><td></td>
</tr>
</table><p/>
<small><i>(Hover the method name to see the test class name)</i></small><p/>
<table width='100%' border='1' class='invocation-failed'>
<tr><td colspan='4' align='center'><b>FAILED TESTS</b></td></tr>
<tr><td><b>Test method</b></td>
<td><b>Attribute(s)</b></td>
<td width="30%"><b>Exception</b></td>
<td width="10%"><b>Time (seconds)</b></td>
<td><b>Instance</b></td>
</tr>
<tr>
<td title='testRunners.RunCucumberTest.runScenario()'><b>runScenario</b><br>Test class: testRunners.RunCucumberTest<br>Test method: Runs Cucumber Scenarios<br>Parameters: "Register with valid details", "User Registration on Thomas Cook website"</td>
<td><div><pre>java.lang.AssertionError: Registration failed expected [true] but found [false]
	at stepDefinitions.RegistrationSteps.i_should_be_redirected_to_home_page_without_error(RegistrationSteps.java:248)
	at ✽.I should be redirected to the home page without error(file:///C:/Users/dell/Desktop/project/ThomasCookAutomation/ThomasCookAutomation/src/test/resources/features/registration.feature:35)
... Removed 3 stack frames</pre></div><a href='#' onClick='toggleBox("stack-trace1473382848", this, "Click to show all stack frames", "Click to hide stack frames")'>Click to show all stack frames</a>
<div class='stack-trace' id='stack-trace1473382848'><pre>java.lang.AssertionError: Registration failed expected [true] but found [false]
	at org.testng.Assert.fail(Assert.java:111)
	at org.testng.Assert.failNotEquals(Assert.java:1578)
	at org.testng.Assert.assertTrue(Assert.java:57)
	at stepDefinitions.RegistrationSteps.i_should_be_redirected_to_home_page_without_error(RegistrationSteps.java:248)
	at ✽.I should be redirected to the home page without error(file:///C:/Users/dell/Desktop/project/ThomasCookAutomation/ThomasCookAutomation/src/test/resources/features/registration.feature:35)
</pre></div></td>
<td>20</td>
<td>testRunners.RunCucumberTest@2a5c8d3f</td></tr>
<tr>
<td title='testRunners.RunCucumberTest.runScenario()'><b>runScenario</b><br>Test class: testRunners.RunCucumberTest<br>Test method: Runs Cucumber Scenarios<br>Parameters: "Register with invalid details", "User Registration on Thomas Cook website"</td>
<td><div><pre>java.lang.AssertionError: Unexpected error message! expected [true] but found [false]
	at stepDefinitions.RegistrationSteps.i_should_see_error_messages_for_invalid_inputs(RegistrationSteps.java:242)
	at ✽.I should see error messages for invalid inputs(file:///C:/Users/dell/Desktop/project/ThomasCookAutomation/ThomasCookAutomation/src/test/resources/features/registration.feature:16)
... Removed 3 stack frames</pre></div><a href='#' onClick='toggleBox("stack-trace1735222807", this, "Click to show all stack frames", "Click to hide stack frames")'>Click to show all stack frames</a>
<div class='stack-trace' id='stack-trace1735222807'><pre>java.lang.AssertionError: Unexpected error message! expected [true] but found [false]
	at org.testng.Assert.fail(Assert.java:111)
	at org.testng.Assert.failNotEquals(Assert.java:1578)
	at org.testng.Assert.assertTrue(Assert.java:57)
	at stepDefinitions.RegistrationSteps.i_should_see_error_messages_for_invalid_inputs(RegistrationSteps.java:242)
	at ✽.I should see error messages for invalid inputs(file:///C:/Users/dell/Desktop/project/ThomasCookAutomation/ThomasCookAutomation/src/test/resources/features/registration.feature:16)
</pre></div></td>
<td>22</td>
<td>testRunners.RunCucumberTest@2a5c8d3f</td></tr>
<tr>
<td title='testRunners.RunCucumberTest.runScenario()'><b>runScenario</b><br>Test class: testRunners.RunCucumberTest<br>Test method: Runs Cucumber Scenarios<br>Parameters: "Login failed with invalid login ID", "User Login on ThomasCook"</td>
<td><div><pre>org.openqa.selenium.TimeoutException: Expected condition failed: waiting for element to be clickable: By.id: sendOTP (tried for 20 second(s) with 500 milliseconds interval)
Build info: version: &apos;4.23.0&apos;, revision: &apos;4df0a231af&apos;
System info: os.name: &apos;Windows 10&apos;, os.arch: &apos;amd64&apos;, os.version: &apos;10.0&apos;, java.version: &apos;17.0.12&apos;
Driver info: org.openqa.selenium.chrome.ChromeDriver
Capabilities {acceptInsecureCerts: false, browserName: chrome, browserVersion: 139.0.7258.157, chrome: {chromedriverVersion: 139.0.7258.154 (9e0d6b2b47f..., userDataDir: C:\Users\dell\AppData\Local...}, fedcm:accounts: true, goog:chromeOptions: {debuggerAddress: localhost:58469}, networkConnectionEnabled: false, pageLoadStrategy: normal, platformName: windows, proxy: Proxy(), se:cdp: ws://localhost:58469/devtoo..., se:cdpVersion: 139.0.7258.157, setWindowRect: true, strictFileInteractability: false, timeouts: {implicit: 0, pageLoad: 300000, script: 30000}, unhandledPromptBehavior: dismiss and notify, webauthn:extension:credBlob: true, webauthn:extension:largeBlob: true, webauthn:extension:minPinLength: true, webauthn:extension:prf: true, webauthn:virtualAuthenticators: true}
Session ID: 1064a9116120ae9ccad1e62b029988f2
	at org.openqa.selenium.support.ui.WebDriverWait.timeoutException(WebDriverWait.java:84)
	at org.openqa.selenium.support.ui.FluentWait.until(FluentWait.java:228)
	at pages.LoginPage.login(LoginPage.java:65)
	at stepDefinitions.LoginSteps.i_enter_login_details_and_send_otp(LoginSteps.java:28)
	at ✽.I enter login details &quot;invalidUser9&quot; and send OTP(file:///C:/Users/dell/Desktop/project/ThomasCookAutomation/ThomasCookAutomation/src/test/resources/features/login.feature:6)
</pre></div><a href='#' onClick='toggleBox("stack-trace15972431", this, "Click to show all stack frames", "Click to hide stack frames")'>Click to show all stack frames</a>
<div class='stack-trace' id='stack-trace15972431'><pre>org.openqa.selenium.TimeoutException: Expected condition failed: waiting for element to be clickable: By.id: sendOTP (tried for 20 second(s) with 500 milliseconds interval)
Build info: version: &apos;4.23.0&apos;, revision: &apos;4df0a231af&apos;
System info: os.name: &apos;Windows 10&apos;, os.arch: &apos;amd64&apos;, os.version: &apos;10.0&apos;, java.version: &apos;17.0.12&apos;
Driver info: org.openqa.selenium.chrome.ChromeDriver
Capabilities {acceptInsecureCerts: false, browserName: chrome, browserVersion: 139.0.7258.157, chrome: {chromedriverVersion: 139.0.7258.154 (9e0d6b2b47f..., userDataDir: C:\Users\dell\AppData\Local...}, fedcm:accounts: true, goog:chromeOptions: {debuggerAddress: localhost:58469}, networkConnectionEnabled: false, pageLoadStrategy: normal, platformName: windows, proxy: Proxy(), se:cdp: ws://localhost:58469/devtoo..., se:cdpVersion: 139.0.7258.157, setWindowRect: true, strictFileInteractability: false, timeouts: {implicit: 0, pageLoad: 300000, script: 30000}, unhandledPromptBehavior: dismiss and notify, webauthn:extension:credBlob: true, webauthn:extension:largeBlob: true, webauthn:extension:minPinLength: true, webauthn:extension:prf: true, webauthn:virtualAuthenticators: true}
Session ID: 1064a9116120ae9ccad1e62b029988f2
	at org.openqa.selenium.support.ui.WebDriverWait.timeoutException(WebDriverWait.java:84)
	at org.openqa.selenium.support.ui.FluentWait.until(FluentWait.java:228)
	at pages.LoginPage.login(LoginPage.java:65)
	at stepDefinitions.LoginSteps.i_enter_login_details_and_send_otp(LoginSteps.java:28)
	at ✽.I enter login details &quot;invalidUser9&quot; and send OTP(file:///C:/Users/dell/Desktop/project/ThomasCookAutomation/ThomasCookAutomation/src/test/resources/features/login.feature:6)
</pre></div></td>
<td>38</td>
<td>testRunners.RunCucumberTest@2a5c8d3f</td></tr>
</table><p>
<table width='100%' border='1' class='invocation-passed'>
<tr><td colspan='4' align='center'><b>PASSED TESTS</b></td></tr>
<tr><td><b>Test method</b></td>
<td><b>Attribute(s)</b></td>
<td width="30%"><b>Exception</b></td>
<td width="10%"><b>Time (seconds)</b></td>
<td><b>Instance</b></td>
</tr>
<tr>
<td title='testRunners.RunCucumberTest.runScenario()'><b>runScenario</b><br>Test class: testRunners.RunCucumberTest<br>Test method: Runs Cucumber Scenarios<br>Parameters: "Open homepage and verify title contains Thomas Cook", "Thomas Cook Homepage checks"</td>
<td></td>
<td>18</td>
<td>testRunners.RunCucumberTest@2a5c8d3f</td></tr>
<tr>
<td title='testRunners.RunCucumberTest.runScenario()'><b>runScenario</b><br>Test class: testRunners.RunCucumberTest<br>Test method: Runs Cucumber Scenarios<br>Parameters: "Successful login with valid credentials", "User Login on ThomasCook"</td>
<td></td>
<td>88</td>
<td>testRunners.RunCucumberTest@2a5c8d3f</td></tr>
</table><p>
</body>
</html>