<?xml version="1.0" encoding="UTF-8"?>
<!-- Generated by org.testng.reporters.JUnitXMLReporter -->
<testsuite ignored="0" hostname="Honey" failures="2" tests="2" name="Default test" time="45.937" errors="0" timestamp="2025-09-09T00:47:37 IST">
  <testcase classname="io.cucumber.testng.AbstractTestNGCucumberTests" name="runScenario" time="23.685">
    <failure type="java.lang.AssertionError" message="Unexpected error message:  expected [true] but found [false]">
      <![CDATA[java.lang.AssertionError: Unexpected error message:  expected [true] but found [false]
at org.testng.Assert.fail(Assert.java:111)
at org.testng.Assert.failNotEquals(Assert.java:1578)
at org.testng.Assert.assertTrue(Assert.java:57)
at stepDefinitions.RegistrationSteps.i_should_see_error_messages_for_invalid_inputs(RegistrationSteps.java:153)
at ✽.I should see error messages for invalid inputs(file:///C:/Users/dell/Desktop/project/ThomasCookAutomation/ThomasCookAutomation/src/test/resources/features/registration.feature:20)
]]>
    </failure>
  </testcase> <!-- runScenario -->
  <testcase classname="io.cucumber.testng.AbstractTestNGCucumberTests" name="runScenario" time="21.062">
    <failure type="java.lang.AssertionError" message="Registration failed expected [true] but found [false]">
      <![CDATA[java.lang.AssertionError: Registration failed expected [true] but found [false]
at org.testng.Assert.fail(Assert.java:111)
at org.testng.Assert.failNotEquals(Assert.java:1578)
at org.testng.Assert.assertTrue(Assert.java:57)
at stepDefinitions.RegistrationSteps.i_should_be_redirected_to_home_page_without_error(RegistrationSteps.java:160)
at ✽.I should be redirected to the home page without error(file:///C:/Users/dell/Desktop/project/ThomasCookAutomation/ThomasCookAutomation/src/test/resources/features/registration.feature:39)
]]>
    </failure>
  </testcase> <!-- runScenario -->
</testsuite> <!-- Default test -->
