<!DOCTYPE html>

<html>
  <head>
  <meta charset='utf-8'>
  <title>TestNG reports</title>

    <link type="text/css" href="testng-reports1.css" rel="stylesheet" id="ultra" />
    <link type="text/css" href="testng-reports.css" rel="stylesheet" id="retro" disabled="false"/>
    <script type="text/javascript" src="jquery-3.6.0.min.js"></script>
    <script type="text/javascript" src="testng-reports.js"></script>
    <script type="text/javascript" src="https://www.google.com/jsapi"></script>
    <script type='text/javascript'>
      google.load('visualization', '1', {packages:['table']});
      google.setOnLoadCallback(drawTable);
      var suiteTableInitFunctions = new Array();
      var suiteTableData = new Array();
    </script>
    <!--
      <script type="text/javascript" src="jquery-ui/js/jquery-ui-1.8.16.custom.min.js"></script>
     -->
  </head>

  <body>    <div class="top-banner-root">
      <span class="top-banner-title-font">Test results</span>
      <button id="button" class="button">Switch Retro Theme</button> <!-- button -->
      <br/>
      <span class="top-banner-font-1">1 suite, 4 failed tests</span>
    </div> <!-- top-banner-root -->
    <div class="navigator-root">
      <div class="navigator-suite-header">
        <span>All suites</span>
        <a href="#" title="Collapse/expand all the suites" class="collapse-all-link">
          <img src="collapseall.gif" class="collapse-all-icon">
          </img> <!-- collapse-all-icon -->
        </a> <!-- collapse-all-link -->
      </div> <!-- navigator-suite-header -->
      <div class="suite">
        <div class="rounded-window">
          <div class="suite-header light-rounded-window-top">
            <a href="#" panel-name="suite-ThomasCookSuite" class="navigator-link">
              <span class="suite-name border-failed">ThomasCookSuite</span>
            </a> <!-- navigator-link -->
          </div> <!-- suite-header light-rounded-window-top -->
          <div class="navigator-suite-content">
            <div class="suite-section-title">
              <span>Info</span>
            </div> <!-- suite-section-title -->
            <div class="suite-section-content">
              <ul>
                <li>
                  <a href="#" panel-name="test-xml-ThomasCookSuite" class="navigator-link ">
                    <span>C:\Users\dell\Desktop\project\ThomasCookAutomation\ThomasCookAutomation\src\test\resources\testng.xml</span>
                  </a> <!-- navigator-link  -->
                </li>
                <li>
                  <a href="#" panel-name="testlist-ThomasCookSuite" class="navigator-link ">
                    <span class="test-stats">1 test</span>
                  </a> <!-- navigator-link  -->
                </li>
                <li>
                  <a href="#" panel-name="group-ThomasCookSuite" class="navigator-link ">
                    <span>1 group</span>
                  </a> <!-- navigator-link  -->
                </li>
                <li>
                  <a href="#" panel-name="times-ThomasCookSuite" class="navigator-link ">
                    <span>Times</span>
                  </a> <!-- navigator-link  -->
                </li>
                <li>
                  <a href="#" panel-name="reporter-ThomasCookSuite" class="navigator-link ">
                    <span>Reporter output</span>
                  </a> <!-- navigator-link  -->
                </li>
                <li>
                  <a href="#" panel-name="ignored-methods-ThomasCookSuite" class="navigator-link ">
                    <span>Ignored methods</span>
                  </a> <!-- navigator-link  -->
                </li>
                <li>
                  <a href="#" panel-name="chronological-ThomasCookSuite" class="navigator-link ">
                    <span>Chronological view</span>
                  </a> <!-- navigator-link  -->
                </li>
              </ul>
            </div> <!-- suite-section-content -->
            <div class="result-section">
              <div class="suite-section-title">
                <span>Results</span>
              </div> <!-- suite-section-title -->
              <div class="suite-section-content">
                <ul>
                  <li>
                    <span class="method-stats">6 methods, 4 failed,   2 passed</span>
                  </li>
                  <li>
                    <span class="method-list-title failed">Failed methods</span>
                    <span class="show-or-hide-methods failed">
                      <a href="#" panel-name="suite-ThomasCookSuite" class="hide-methods failed suite-ThomasCookSuite"> (hide)</a> <!-- hide-methods failed suite-ThomasCookSuite -->
                      <a href="#" panel-name="suite-ThomasCookSuite" class="show-methods failed suite-ThomasCookSuite"> (show)</a> <!-- show-methods failed suite-ThomasCookSuite -->
                    </span>
                    <div class="method-list-content failed suite-ThomasCookSuite">
                      <span>
                        <img src="failed.png" width="3%"/>
                        <a href="#" panel-name="suite-ThomasCookSuite" title="testRunners.RunCucumberTest" class="method navigator-link" hash-for-method="runScenario(&quot;Register with invalid details&quot;, &quot;User Registration on Thomas Cook website&quot;)">runScenario("Register with invalid details", "User Registration on Thomas Cook website")</a> <!-- method navigator-link -->
                      </span>
                      <br/>
                      <span>
                        <img src="failed.png" width="3%"/>
                        <a href="#" panel-name="suite-ThomasCookSuite" title="testRunners.RunCucumberTest" class="method navigator-link" hash-for-method="runScenario(&quot;Login failed with invalid login ID&quot;, &quot;User Login on ThomasCook&quot;)">runScenario("Login failed with invalid login ID", "User Login on ThomasCook")</a> <!-- method navigator-link -->
                      </span>
                      <br/>
                      <span>
                        <img src="failed.png" width="3%"/>
                        <a href="#" panel-name="suite-ThomasCookSuite" title="testRunners.RunCucumberTest" class="method navigator-link" hash-for-method="runScenario(&quot;Register with valid details&quot;, &quot;User Registration on Thomas Cook website&quot;)">runScenario("Register with valid details", "User Registration on Thomas Cook website")</a> <!-- method navigator-link -->
                      </span>
                      <br/>
                      <span>
                        <img src="failed.png" width="3%"/>
                        <a href="#" panel-name="suite-ThomasCookSuite" title="testRunners.RunCucumberTest" class="method navigator-link" hash-for-method="runScenario(&quot;Book Amazing Australia - Winter and verify Payment Failed&quot;, &quot;ThomasCook Australia Tour Booking&quot;)">runScenario("Book Amazing Australia - Winter and verify Payment Failed", "ThomasCook Australia Tour Booking")</a> <!-- method navigator-link -->
                      </span>
                      <br/>
                    </div> <!-- method-list-content failed suite-ThomasCookSuite -->
                  </li>
                  <li>
                    <span class="method-list-title passed">Passed methods</span>
                    <span class="show-or-hide-methods passed">
                      <a href="#" panel-name="suite-ThomasCookSuite" class="hide-methods passed suite-ThomasCookSuite"> (hide)</a> <!-- hide-methods passed suite-ThomasCookSuite -->
                      <a href="#" panel-name="suite-ThomasCookSuite" class="show-methods passed suite-ThomasCookSuite"> (show)</a> <!-- show-methods passed suite-ThomasCookSuite -->
                    </span>
                    <div class="method-list-content passed suite-ThomasCookSuite">
                      <span>
                        <img src="passed.png" width="3%"/>
                        <a href="#" panel-name="suite-ThomasCookSuite" title="testRunners.RunCucumberTest" class="method navigator-link" hash-for-method="runScenario(&quot;Open homepage and verify title contains Thomas Cook&quot;, &quot;Thomas Cook Homepage checks&quot;)">runScenario("Open homepage and verify title contains Thomas Cook", "Thomas Cook Homepage checks")</a> <!-- method navigator-link -->
                      </span>
                      <br/>
                      <span>
                        <img src="passed.png" width="3%"/>
                        <a href="#" panel-name="suite-ThomasCookSuite" title="testRunners.RunCucumberTest" class="method navigator-link" hash-for-method="runScenario(&quot;Successful login with valid credentials&quot;, &quot;User Login on ThomasCook&quot;)">runScenario("Successful login with valid credentials", "User Login on ThomasCook")</a> <!-- method navigator-link -->
                      </span>
                      <br/>
                    </div> <!-- method-list-content passed suite-ThomasCookSuite -->
                  </li>
                </ul>
              </div> <!-- suite-section-content -->
            </div> <!-- result-section -->
          </div> <!-- navigator-suite-content -->
        </div> <!-- rounded-window -->
      </div> <!-- suite -->
    </div> <!-- navigator-root -->
    <div class="wrapper">
      <div class="main-panel-root">
        <div panel-name="suite-ThomasCookSuite" class="panel ThomasCookSuite">
          <div class="suite-ThomasCookSuite-class-failed">
            <div class="main-panel-header rounded-window-top">
              <img src="failed.png"/>
              <span class="class-name">testRunners.RunCucumberTest</span>
            </div> <!-- main-panel-header rounded-window-top -->
            <div class="main-panel-content rounded-window-bottom">
              <div class="method">
                <div class="method-content">
                  <a name="runScenario(&quot;Register with invalid details&quot;, &quot;User Registration on Thomas Cook website&quot;)">
                  </a> <!-- runScenario("Register with invalid details", "User Registration on Thomas Cook website") -->
                  <span class="method-name">runScenario</span>
                  <span class="parameters">("Register with invalid details","User Registration on Thomas Cook website")</span>
                  <div class="stack-trace">java.lang.AssertionError: Unexpected error message! expected [true] but found [false]
	at stepDefinitions.RegistrationSteps.i_should_see_error_messages_for_invalid_inputs(RegistrationSteps.java:242)
	at ✽.I should see error messages for invalid inputs(file:///C:/Users/dell/Desktop/project/ThomasCookAutomation/ThomasCookAutomation/src/test/resources/features/registration.feature:16)
... Removed 3 stack frames
</div> <!-- stack-trace -->
                  <em>
(Runs Cucumber Scenarios)                  </em>
                </div> <!-- method-content -->
              </div> <!-- method -->
              <div class="method">
                <div class="method-content">
                  <a name="runScenario(&quot;Login failed with invalid login ID&quot;, &quot;User Login on ThomasCook&quot;)">
                  </a> <!-- runScenario("Login failed with invalid login ID", "User Login on ThomasCook") -->
                  <span class="method-name">runScenario</span>
                  <span class="parameters">("Login failed with invalid login ID","User Login on ThomasCook")</span>
                  <div class="stack-trace">org.openqa.selenium.TimeoutException: Expected condition failed: waiting for element to be clickable: By.id: sendOTP (tried for 20 second(s) with 500 milliseconds interval)
Build info: version: &apos;4.23.0&apos;, revision: &apos;4df0a231af&apos;
System info: os.name: &apos;Windows 10&apos;, os.arch: &apos;amd64&apos;, os.version: &apos;10.0&apos;, java.version: &apos;17.0.12&apos;
Driver info: org.openqa.selenium.chrome.ChromeDriver
Capabilities {acceptInsecureCerts: false, browserName: chrome, browserVersion: 139.0.7258.157, chrome: {chromedriverVersion: 139.0.7258.154 (9e0d6b2b47f..., userDataDir: C:\Users\dell\AppData\Local...}, fedcm:accounts: true, goog:chromeOptions: {debuggerAddress: localhost:53192}, networkConnectionEnabled: false, pageLoadStrategy: normal, platformName: windows, proxy: Proxy(), se:cdp: ws://localhost:53192/devtoo..., se:cdpVersion: 139.0.7258.157, setWindowRect: true, strictFileInteractability: false, timeouts: {implicit: 0, pageLoad: 300000, script: 30000}, unhandledPromptBehavior: dismiss and notify, webauthn:extension:credBlob: true, webauthn:extension:largeBlob: true, webauthn:extension:minPinLength: true, webauthn:extension:prf: true, webauthn:virtualAuthenticators: true}
Session ID: ee60d36f41a0cf8ef827a990ef8fb325
	at org.openqa.selenium.support.ui.WebDriverWait.timeoutException(WebDriverWait.java:84)
	at org.openqa.selenium.support.ui.FluentWait.until(FluentWait.java:228)
	at pages.LoginPage.login(LoginPage.java:65)
	at stepDefinitions.LoginSteps.i_enter_login_details_and_send_otp(LoginSteps.java:28)
	at ✽.I enter login details &quot;invalidUser9&quot; and send OTP(file:///C:/Users/dell/Desktop/project/ThomasCookAutomation/ThomasCookAutomation/src/test/resources/features/login.feature:6)

</div> <!-- stack-trace -->
                  <em>
(Runs Cucumber Scenarios)                  </em>
                </div> <!-- method-content -->
              </div> <!-- method -->
              <div class="method">
                <div class="method-content">
                  <a name="runScenario(&quot;Register with valid details&quot;, &quot;User Registration on Thomas Cook website&quot;)">
                  </a> <!-- runScenario("Register with valid details", "User Registration on Thomas Cook website") -->
                  <span class="method-name">runScenario</span>
                  <span class="parameters">("Register with valid details","User Registration on Thomas Cook website")</span>
                  <div class="stack-trace">org.openqa.selenium.ElementNotInteractableException: element not interactable
  (Session info: chrome=139.0.7258.157)
Build info: version: &apos;4.23.0&apos;, revision: &apos;4df0a231af&apos;
System info: os.name: &apos;Windows 10&apos;, os.arch: &apos;amd64&apos;, os.version: &apos;10.0&apos;, java.version: &apos;17.0.12&apos;
Driver info: org.openqa.selenium.chrome.ChromeDriver
Command: [229105d1892a7368a9338231e5cc5200, sendKeysToElement {value=[Ljava.lang.CharSequence;@73b07fdb, id=f.884AE3E0B0291A20ADBAB9DD5C49C17F.d.56693E0E1C30C078A90B4EB28D89F34F.e.193}]
Capabilities {acceptInsecureCerts: false, browserName: chrome, browserVersion: 139.0.7258.157, chrome: {chromedriverVersion: 139.0.7258.154 (9e0d6b2b47f..., userDataDir: C:\Users\dell\AppData\Local...}, fedcm:accounts: true, goog:chromeOptions: {debuggerAddress: localhost:53944}, networkConnectionEnabled: false, pageLoadStrategy: normal, platformName: windows, proxy: Proxy(), se:cdp: ws://localhost:53944/devtoo..., se:cdpVersion: 139.0.7258.157, setWindowRect: true, strictFileInteractability: false, timeouts: {implicit: 0, pageLoad: 300000, script: 30000}, unhandledPromptBehavior: dismiss and notify, webauthn:extension:credBlob: true, webauthn:extension:largeBlob: true, webauthn:extension:minPinLength: true, webauthn:extension:prf: true, webauthn:virtualAuthenticators: true}
Element: [[ChromeDriver: chrome on windows (229105d1892a7368a9338231e5cc5200)] -&gt; id: regTitle]
Session ID: 229105d1892a7368a9338231e5cc5200
	at org.openqa.selenium.remote.ErrorCodec.decode(ErrorCodec.java:167)
	at org.openqa.selenium.remote.codec.w3c.W3CHttpResponseCodec.decode(W3CHttpResponseCodec.java:138)
	at org.openqa.selenium.remote.codec.w3c.W3CHttpResponseCodec.decode(W3CHttpResponseCodec.java:50)
	at org.openqa.selenium.remote.HttpCommandExecutor.execute(HttpCommandExecutor.java:190)
	at org.openqa.selenium.remote.service.DriverCommandExecutor.invokeExecute(DriverCommandExecutor.java:216)
	at org.openqa.selenium.remote.service.DriverCommandExecutor.execute(DriverCommandExecutor.java:174)
	at org.openqa.selenium.remote.RemoteWebDriver.execute(RemoteWebDriver.java:527)
	at org.openqa.selenium.remote.RemoteWebElement.execute(RemoteWebElement.java:223)
	at org.openqa.selenium.remote.RemoteWebElement.sendKeys(RemoteWebElement.java:110)
	at pages.RegistrationPage.enterTitle(RegistrationPage.java:194)
	at stepDefinitions.RegistrationSteps.i_select_title(RegistrationSteps.java:201)
	at ✽.I select title &quot;Mr&quot;(file:///C:/Users/dell/Desktop/project/ThomasCookAutomation/ThomasCookAutomation/src/test/resources/features/registration.feature:26)
... Removed 5 stack frames
</div> <!-- stack-trace -->
                  <em>
(Runs Cucumber Scenarios)                  </em>
                </div> <!-- method-content -->
              </div> <!-- method -->
              <div class="method">
                <div class="method-content">
                  <a name="runScenario(&quot;Book Amazing Australia - Winter and verify Payment Failed&quot;, &quot;ThomasCook Australia Tour Booking&quot;)">
                  </a> <!-- runScenario("Book Amazing Australia - Winter and verify Payment Failed", "ThomasCook Australia Tour Booking") -->
                  <span class="method-name">runScenario</span>
                  <span class="parameters">("Book Amazing Australia - Winter and verify Payment Failed","ThomasCook Australia Tour Booking")</span>
                  <div class="stack-trace">io.cucumber.testng.UndefinedStepException: The step &apos;contact details are already filled&apos; and 1 other step(s) are undefined.
You can implement these steps using the snippet(s) below:

@When(&quot;contact details are already filled&quot;)
public void contact_details_are_already_filled() {
    // Write code here that turns the phrase above into concrete actions
    throw new io.cucumber.java.PendingException();
}
@Then(&quot;I am redirected to BookingSummary, I again click continue, and continue,&quot;)
public void i_am_redirected_to_booking_summary_i_again_click_continue_and_continue() {
    // Write code here that turns the phrase above into concrete actions
    throw new io.cucumber.java.PendingException();
}

	at io.cucumber.core.runtime.TestCaseResultObserver.assertTestCasePassed(TestCaseResultObserver.java:69)
	at io.cucumber.testng.TestCaseResultObserver.assertTestCasePassed(TestCaseResultObserver.java:23)
	at io.cucumber.testng.TestNGCucumberRunner.lambda$runScenario$1(TestNGCucumberRunner.java:133)
	at io.cucumber.core.runtime.CucumberExecutionContext.lambda$runTestCase$5(CucumberExecutionContext.java:130)
	at io.cucumber.core.runtime.RethrowingThrowableCollector.executeAndThrow(RethrowingThrowableCollector.java:23)
	at io.cucumber.core.runtime.CucumberExecutionContext.runTestCase(CucumberExecutionContext.java:130)
	at io.cucumber.testng.TestNGCucumberRunner.runScenario(TestNGCucumberRunner.java:129)
	at io.cucumber.testng.AbstractTestNGCucumberTests.runScenario(AbstractTestNGCucumberTests.java:35)
	at java.base/java.util.ArrayList.forEach(ArrayList.java:1511)
	at java.base/java.util.concurrent.FutureTask.run(FutureTask.java:264)
	at java.base/java.util.concurrent.ThreadPoolExecutor.runWorker(ThreadPoolExecutor.java:1136)
	at java.base/java.util.concurrent.ThreadPoolExecutor$Worker.run(ThreadPoolExecutor.java:635)
	at java.base/java.lang.Thread.run(Thread.java:842)
... Removed 17 stack frames
</div> <!-- stack-trace -->
                  <em>
(Runs Cucumber Scenarios)                  </em>
                </div> <!-- method-content -->
              </div> <!-- method -->
            </div> <!-- main-panel-content rounded-window-bottom -->
          </div> <!-- suite-ThomasCookSuite-class-failed -->
          <div class="suite-ThomasCookSuite-class-passed">
            <div class="main-panel-header rounded-window-top">
              <img src="passed.png"/>
              <span class="class-name">testRunners.RunCucumberTest</span>
            </div> <!-- main-panel-header rounded-window-top -->
            <div class="main-panel-content rounded-window-bottom">
              <div class="method">
                <div class="method-content">
                  <a name="runScenario(&quot;Open homepage and verify title contains Thomas Cook&quot;, &quot;Thomas Cook Homepage checks&quot;)">
                  </a> <!-- runScenario("Open homepage and verify title contains Thomas Cook", "Thomas Cook Homepage checks") -->
                  <span class="method-name">runScenario</span>
                  <span class="parameters">("Open homepage and verify title contains Thomas Cook","Thomas Cook Homepage checks")</span>
                  <em>
(Runs Cucumber Scenarios)                  </em>
                </div> <!-- method-content -->
              </div> <!-- method -->
              <div class="method">
                <div class="method-content">
                  <a name="runScenario(&quot;Successful login with valid credentials&quot;, &quot;User Login on ThomasCook&quot;)">
                  </a> <!-- runScenario("Successful login with valid credentials", "User Login on ThomasCook") -->
                  <span class="method-name">runScenario</span>
                  <span class="parameters">("Successful login with valid credentials","User Login on ThomasCook")</span>
                  <em>
(Runs Cucumber Scenarios)                  </em>
                </div> <!-- method-content -->
              </div> <!-- method -->
            </div> <!-- main-panel-content rounded-window-bottom -->
          </div> <!-- suite-ThomasCookSuite-class-passed -->
        </div> <!-- panel ThomasCookSuite -->
        <div panel-name="test-xml-ThomasCookSuite" class="panel">
          <div class="main-panel-header rounded-window-top">
            <span class="header-content">C:\Users\dell\Desktop\project\ThomasCookAutomation\ThomasCookAutomation\src\test\resources\testng.xml</span>
          </div> <!-- main-panel-header rounded-window-top -->
          <div class="main-panel-content rounded-window-bottom">
            <pre>
&lt;?xml version=&quot;1.0&quot; encoding=&quot;UTF-8&quot;?&gt;
&lt;!DOCTYPE suite SYSTEM &quot;https://testng.org/testng-1.0.dtd&quot;&gt;
&lt;suite thread-count=&quot;2&quot; parallel=&quot;tests&quot; name=&quot;ThomasCookSuite&quot; guice-stage=&quot;DEVELOPMENT&quot;&gt;
  &lt;test thread-count=&quot;2&quot; parallel=&quot;tests&quot; name=&quot;CucumberTests&quot;&gt;
    &lt;classes&gt;
      &lt;class name=&quot;testRunners.RunCucumberTest&quot;/&gt;
    &lt;/classes&gt;
  &lt;/test&gt; &lt;!-- CucumberTests --&gt;
&lt;/suite&gt; &lt;!-- ThomasCookSuite --&gt;
            </pre>
          </div> <!-- main-panel-content rounded-window-bottom -->
        </div> <!-- panel -->
        <div panel-name="testlist-ThomasCookSuite" class="panel">
          <div class="main-panel-header rounded-window-top">
            <span class="header-content">Tests for ThomasCookSuite</span>
          </div> <!-- main-panel-header rounded-window-top -->
          <div class="main-panel-content rounded-window-bottom">
            <ul>
              <li>
                <span class="test-name">CucumberTests (1 class)</span>
              </li>
            </ul>
          </div> <!-- main-panel-content rounded-window-bottom -->
        </div> <!-- panel -->
        <div panel-name="group-ThomasCookSuite" class="panel">
          <div class="main-panel-header rounded-window-top">
            <span class="header-content">Groups for ThomasCookSuite</span>
          </div> <!-- main-panel-header rounded-window-top -->
          <div class="main-panel-content rounded-window-bottom">
            <div class="test-group">
              <span class="test-group-name">cucumber</span>
              <br/>
              <div class="method-in-group">
                <span class="method-in-group-name">runScenario</span>
                <br/>
              </div> <!-- method-in-group -->
            </div> <!-- test-group -->
          </div> <!-- main-panel-content rounded-window-bottom -->
        </div> <!-- panel -->
        <div panel-name="times-ThomasCookSuite" class="panel">
          <div class="main-panel-header rounded-window-top">
            <span class="header-content">Times for ThomasCookSuite</span>
          </div> <!-- main-panel-header rounded-window-top -->
          <div class="main-panel-content rounded-window-bottom">
            <div class="times-div">
              <script type="text/javascript">
suiteTableInitFunctions.push('tableData_ThomasCookSuite');
function tableData_ThomasCookSuite() {
var data = new google.visualization.DataTable();
data.addColumn('number', 'Number');
data.addColumn('string', 'Method');
data.addColumn('string', 'Class');
data.addColumn('number', 'Time (ms)');
data.addRows(6);
data.setCell(0, 0, 0)
data.setCell(0, 1, 'runScenario')
data.setCell(0, 2, 'testRunners.RunCucumberTest')
data.setCell(0, 3, 109253);
data.setCell(1, 0, 1)
data.setCell(1, 1, 'runScenario')
data.setCell(1, 2, 'testRunners.RunCucumberTest')
data.setCell(1, 3, 87509);
data.setCell(2, 0, 2)
data.setCell(2, 1, 'runScenario')
data.setCell(2, 2, 'testRunners.RunCucumberTest')
data.setCell(2, 3, 37147);
data.setCell(3, 0, 3)
data.setCell(3, 1, 'runScenario')
data.setCell(3, 2, 'testRunners.RunCucumberTest')
data.setCell(3, 3, 20734);
data.setCell(4, 0, 4)
data.setCell(4, 1, 'runScenario')
data.setCell(4, 2, 'testRunners.RunCucumberTest')
data.setCell(4, 3, 17452);
data.setCell(5, 0, 5)
data.setCell(5, 1, 'runScenario')
data.setCell(5, 2, 'testRunners.RunCucumberTest')
data.setCell(5, 3, 16299);
window.suiteTableData['ThomasCookSuite']= { tableData: data, tableDiv: 'times-div-ThomasCookSuite'}
return data;
}
              </script>
              <span class="suite-total-time">Total running time: 4 minutes</span>
              <div id="times-div-ThomasCookSuite">
              </div> <!-- times-div-ThomasCookSuite -->
            </div> <!-- times-div -->
          </div> <!-- main-panel-content rounded-window-bottom -->
        </div> <!-- panel -->
        <div panel-name="reporter-ThomasCookSuite" class="panel">
          <div class="main-panel-header rounded-window-top">
            <span class="header-content">Reporter output for ThomasCookSuite</span>
          </div> <!-- main-panel-header rounded-window-top -->
          <div class="main-panel-content rounded-window-bottom">
          </div> <!-- main-panel-content rounded-window-bottom -->
        </div> <!-- panel -->
        <div panel-name="ignored-methods-ThomasCookSuite" class="panel">
          <div class="main-panel-header rounded-window-top">
            <span class="header-content">0 ignored methods</span>
          </div> <!-- main-panel-header rounded-window-top -->
          <div class="main-panel-content rounded-window-bottom">
          </div> <!-- main-panel-content rounded-window-bottom -->
        </div> <!-- panel -->
        <div panel-name="chronological-ThomasCookSuite" class="panel">
          <div class="main-panel-header rounded-window-top">
            <span class="header-content">Methods in chronological order</span>
          </div> <!-- main-panel-header rounded-window-top -->
          <div class="main-panel-content rounded-window-bottom">
            <div class="chronological-class">
              <div class="chronological-class-name">testRunners.RunCucumberTest</div> <!-- chronological-class-name -->
              <div class="configuration-class before">
                <span class="method-name">setUpClass(org.testng.TestRunner@c03cf28)</span>
                <span class="method-start">0 ms</span>
              </div> <!-- configuration-class before -->
              <div class="test-method">
                <img src="failed.png">
                </img>
                <span class="method-name">runScenario("Book Amazing Australia - Winter and verify Payment Failed", "ThomasCook Australia Tour Booking")</span>
                <span class="method-start">1261 ms</span>
              </div> <!-- test-method -->
              <div class="test-method">
                <span class="method-name">runScenario("Open homepage and verify title contains Thomas Cook", "Thomas Cook Homepage checks")</span>
                <span class="method-start">110526 ms</span>
              </div> <!-- test-method -->
              <div class="test-method">
                <img src="failed.png">
                </img>
                <span class="method-name">runScenario("Login failed with invalid login ID", "User Login on ThomasCook")</span>
                <span class="method-start">127982 ms</span>
              </div> <!-- test-method -->
              <div class="test-method">
                <span class="method-name">runScenario("Successful login with valid credentials", "User Login on ThomasCook")</span>
                <span class="method-start">165132 ms</span>
              </div> <!-- test-method -->
              <div class="test-method">
                <img src="failed.png">
                </img>
                <span class="method-name">runScenario("Register with invalid details", "User Registration on Thomas Cook website")</span>
                <span class="method-start">252643 ms</span>
              </div> <!-- test-method -->
              <div class="test-method">
                <img src="failed.png">
                </img>
                <span class="method-name">runScenario("Register with valid details", "User Registration on Thomas Cook website")</span>
                <span class="method-start">273380 ms</span>
              </div> <!-- test-method -->
              <div class="configuration-class after">
                <span class="method-name">tearDownClass</span>
                <span class="method-start">289685 ms</span>
              </div> <!-- configuration-class after -->
          </div> <!-- main-panel-content rounded-window-bottom -->
        </div> <!-- panel -->
      </div> <!-- main-panel-root -->
    </div> <!-- wrapper -->
  </body>
<script type="text/javascript" src="testng-reports2.js"></script>
</html>
